[43124][1665292289790][main][info]["Booting Postman 10.0.1, linux-5.19.13-arch1-1 on x64"]
[43124][1665292289798][main][info]["EventBus~initialize - Success"]
[43124][1665292289803][main][info]["Proxy configuration has not been setup"]
[43124][1665292289804][main][info]["CloudProxyManager~init - Success"]
[43124][1665292289827][main][info]["UpdateHandler~init - Success"]
[43124][1665292289835][main][info]["LeaderSelection: Initialized successfully"]
[43124][1665292289837][main][info]["VersionDependencyService: Initialized successfully"]
[43124][1665292289862][main][info]["LinuxAutoUpdater~Cleanup - Initial cleanup successful"]
[43124][1665292289866][main][info]["Generated root certificate for linux"]
[43124][1665292289913][main][info]["GPU detected VID 32902 DID 278 ACTIVE true"]
[43124][1665292291346][main][info]["RuntimeIPCAgent~started: Success"]
[43124][1665292295562][main][info]["UpdateHandler~app-update-events - Received event",{"name":"checkForElectronVersionUpdated","namespace":"appUpdate"}]
[43124][1665292295597][main][info]["windowManager: First requester booted successfully."]
[43124][1665292295600][main][info]["windowManager~restoreWindows: Restoring requester windows"]
[43124][1665292295601][main][info]["Main~AppEvents - Received booted event for process requester.Version undefined UI Version: undefined Desktop Platform Version: 10.0.1"]
[43124][1665292298212][main][info]["VersionDependencyService: Resetting UI version as user logged out/switched account"]
[43124][1665292298213][main][info]["Main - model-events~user - (users, add) received"]
[43124][1665292298918][main][warn]["AuthHandler~open: Current app is not default protocol client - Falling back to polling mechanism."]
[43124][1665292355077][main][info]["Main - model-events~user - (authentication, get_auth_info) received"]
[43124][1665292355081][main][info]["Main - model-events~user - (authentication, authenticated) received"]
[43124][1665292355099][main][info]["UpdateHandler~app-update-events - Received event",{"name":"checkForElectronVersionUpdated","namespace":"appUpdate"}]
[43124][1665292355144][main][info]["windowManager: First requester booted successfully."]
[43124][1665292355145][main][info]["windowManager~restoreWindows: Restoring requester windows"]
[43124][1665292355146][main][info]["Main~AppEvents - Received booted event for process requester.Version 10.0.20 UI Version: 10.0.20-ui-221007-0553 Desktop Platform Version: 10.0.1"]
[43124][1665292355163][main][info]["performBackgroundShellMigration: Starting shell data migration"]
[43124][1665292355168][main][info]["performBackgroundShellMigration: Got data from shell. Writing to storage"]
[43124][1665292355179][main][info]["performBackgroundShellMigration: Successfully completed migration"]
[43124][1665292356665][main][info]["Main - model-events~user - (user, update) received"]
[43124][1665292362907][main][info]["UpdateHandler~app-update-events - Received event",{"name":"checkForElectronVersionUpdated","namespace":"appUpdate"}]
[43124][1665292362956][main][info]["Main~AppEvents - Received booted event for process requester.Version 10.0.20 UI Version: 10.0.20-ui-221007-0553 Desktop Platform Version: 10.0.1"]
[43124][1665292362970][main][info]["performBackgroundShellMigration: Migration has already been done. Bailing out"]
[43124][1665292363326][main][info]["Main - model-events~user - (authentication, get_auth_info) received"]
[43124][1665292363329][main][info]["Main - model-events~user - (authentication, authenticated) received"]
[43124][1665292364502][main][info]["Main - model-events~user - (user, update) received"]
[43124][1665292364916][main][info]["Main - model-events~user - (user, bootstrapUser) received"]
[43124][1665292365236][main][info]["Main - model-events~user - (user, bootstrapUser) received"]
[44726][1665292845373][main][info]["Booting Postman 10.0.1, linux-5.19.13-arch1-1 on x64"]
[44726][1665292845382][main][info]["EventBus~initialize - Success"]
[44726][1665292845389][main][info]["Proxy configuration has not been setup"]
[44726][1665292845391][main][info]["CloudProxyManager~init - Success"]
[44726][1665292845415][main][info]["UpdateHandler~init - Success"]
[44726][1665292845421][main][info]["LeaderSelection: Initialized successfully"]
[44726][1665292845424][main][info]["VersionDependencyService: Initialized successfully"]
[44726][1665292845453][main][info]["LinuxAutoUpdater~Cleanup - Initial cleanup successful"]
[44726][1665292845491][main][info]["GPU detected VID 32902 DID 278 ACTIVE true"]
[44726][1665292848254][main][info]["RuntimeIPCAgent~started: Success"]
[44726][1665292857064][main][info]["UpdateHandler~app-update-events - Received event",{"name":"checkForElectronVersionUpdated","namespace":"appUpdate"}]
[44726][1665292857139][main][info]["windowManager: First requester booted successfully."]
[44726][1665292857141][main][info]["windowManager~restoreWindows: Restoring requester windows"]
[44726][1665292857142][main][info]["Main~AppEvents - Received booted event for process requester.Version 10.0.20 UI Version: 10.0.20-ui-221007-0553 Desktop Platform Version: 10.0.1"]
[44726][1665292857202][main][info]["performBackgroundShellMigration: Migration has already been done. Bailing out"]
[44726][1665292861395][main][info]["Main - model-events~user - (user, bootstrapUser) received"]
[44726][1665295540229][main][info]["WindowManager~closeHandler - Closed Window (id: 1 )"]
[44726][1665295540280][main][info]["Quitting app"]
[44726][1665295540281][main][info]["apiGitDebugLog - ProcessManager~killFileSystemProcess: Killed File System node process"]
