[43124][1665292290545][shell][info]["EventBus~initialize - Success"]
[43124][1665292290561][shell][info]["bootShellCrashReporter~ Success"]
[43124][1665292291353][shell][info]["shellController~init: Success"]
[43124][1665292291354][shell][info]["shellMeta~init: Success"]
[43124][1665292291355][shell][info]["partitionMigrationService: State of V7 partition:"]
[43124][1665292291356][shell][info]["partitionMigrationService: V7 partitions",[]]
[43124][1665292291357][shell][info]["partitionMigrationService: V7 lastActiveUser",null]
[43124][1665292291358][shell][info]["partitionMigrationService: V7 activePartition",null]
[43124][1665292291359][shell][info]["partitionMigrationService: V7 isPartitionDirty",null]
[43124][1665292291360][shell][info]["partitionMigrationService~rectifyNamespaceOfScratchPadPartition: There is no partition with scratchpad namespace"]
[43124][1665292291360][shell][info]["partitionMigrationService~rectifyNamespaceOfScratchPadPartition: There is no transit partition which could have been used for scratchpad"]
[43124][1665292291361][shell][info]["partitionMigrationService~init: Success"]
[43124][1665292291362][shell][info]["partitionMigrationService~runV8PartitionsIntegrity: Two way migration~ removing the following partitions from v8",[]]
[43124][1665292291363][shell][info]["userPartitionService~_rectifyTheActivePartitionOfApplication: Setting the active partition to ",null]
[43124][1665292291365][shell][info]["userPartitionService~init: Success"]
[43124][1665292291366][shell][info]["userPartitionService: State of v8 partition system:"]
[43124][1665292291366][shell][info]["userPartitionService: List of partitions:",[]]
[43124][1665292291367][shell][info]["userPartitionService: users global meta:",{"activePartition":null}]
[43124][1665292291369][shell][info]["shell~init~getPartitionToLoad: loading scratchpad partition"]
[43124][1665292291376][shell][info]["init~setViewAttributes - Initializing view with opts:"]
[43124][1665292291378][shell][info]["verifyPartitionIdWithMain: Verifying partition ID from main process"]
[43124][1665292291379][shell][info]["Shell~init~setViewAttributes: passing scratchpad partition id as ","5266759c-8e7b-45e0-a5dc-4d4ddc90f033"]
[43124][1665292291380][shell][info]["Shell~init~setViewAttributes: do we have any logged in users? ",false]
[43124][1665292291382][shell][info]["init~setViewAttributes - Success"]
[43124][1665292291392][shell][info]["verifyPartitionIdWithMain: Bailing out as migration has not been done"]
[43124][1665292295598][shell][info]["Shell~init~sendUsersDataToRenderer",[]]
[43124][1665292347430][shell][info]["EventBus~initialize - Success"]
[43124][1665292347446][shell][info]["bootShellCrashReporter~ Success"]
[43124][1665292347473][shell][info]["shellController~init: Success"]
[43124][1665292347474][shell][info]["shellMeta~init: Success"]
[43124][1665292347475][shell][info]["partitionMigrationService: State of V7 partition:"]
[43124][1665292347476][shell][info]["partitionMigrationService: V7 partitions",[]]
[43124][1665292347477][shell][info]["partitionMigrationService: V7 lastActiveUser",null]
[43124][1665292347478][shell][info]["partitionMigrationService: V7 activePartition",null]
[43124][1665292347478][shell][info]["partitionMigrationService: V7 isPartitionDirty",null]
[43124][1665292347480][shell][info]["partitionMigrationService~init: Success"]
[43124][1665292347481][shell][info]["partitionMigrationService~runV8PartitionsIntegrity: Two way migration~ removing the following partitions from v8",[]]
[43124][1665292347482][shell][info]["userPartitionService~_rectifyTheActivePartitionOfApplication: Setting the active partition to ",null]
[43124][1665292347483][shell][info]["userPartitionService~init: Success"]
[43124][1665292347484][shell][info]["Shell~init~loginUser: associating the user ","19867838"," with transit partition"]
[43124][1665292347488][shell][info]["userPartitionService~associateTransitPartition: ",{"partitionId":"a0c65861-4ae4-4b25-a9af-86b15166918b","context":{"namespace":"users","userId":"19867838","teamId":"0"}}]
[43124][1665292347489][shell][info]["userPartitionService: State of v8 partition system:"]
[43124][1665292347490][shell][info]["userPartitionService: List of partitions:",[{"partitionId":"a0c65861-4ae4-4b25-a9af-86b15166918b","namespace":"users","userId":"19867838","teamId":"0","lastUpdated":"2022-10-09T05:12:27.488Z"},{"partitionId":"5266759c-8e7b-45e0-a5dc-4d4ddc90f033","namespace":"scratchPad","userId":0,"teamId":0,"isDirty":false}]]
[43124][1665292347491][shell][info]["userPartitionService: users global meta:",{"activePartition":null}]
[43124][1665292347496][shell][info]["init~setViewAttributes - Initializing view with opts:"]
[43124][1665292347498][shell][info]["verifyPartitionIdWithMain: Verifying partition ID from main process"]
[43124][1665292347508][shell][info]["Shell~init~setViewAttributes: passing scratchpad partition id as ","5266759c-8e7b-45e0-a5dc-4d4ddc90f033"]
[43124][1665292347509][shell][info]["Shell~init~setViewAttributes: do we have any logged in users? ",true]
[43124][1665292347510][shell][info]["init~setViewAttributes - Success"]
[43124][1665292347511][shell][info]["verifyPartitionIdWithMain: Bailing out as migration has not been done"]
[43124][1665292355143][shell][info]["Shell~init~sendUsersDataToRenderer",["19867838"]]
[43124][1665292355164][shell][info]["handleMessageInShell: Got request for shell data from main. Sending"]
[43124][1665292356856][shell][info]["EventBus~initialize - Success"]
[43124][1665292356863][shell][info]["bootShellCrashReporter~ Success"]
[43124][1665292356884][shell][info]["shellController~init: Success"]
[43124][1665292356885][shell][info]["shellMeta~init: Success"]
[43124][1665292356885][shell][info]["partitionMigrationService: State of V7 partition:"]
[43124][1665292356885][shell][info]["partitionMigrationService: V7 partitions",[]]
[43124][1665292356885][shell][info]["partitionMigrationService: V7 lastActiveUser",null]
[43124][1665292356886][shell][info]["partitionMigrationService: V7 activePartition",null]
[43124][1665292356886][shell][info]["partitionMigrationService: V7 isPartitionDirty",null]
[43124][1665292356886][shell][info]["partitionMigrationService~init: Success"]
[43124][1665292356887][shell][info]["partitionMigrationService~runV8PartitionsIntegrity: Two way migration~ removing the following partitions from v8",[]]
[43124][1665292356888][shell][info]["userPartitionService~getRecentV8UserPartition: recent v8 user context partition ","a0c65861-4ae4-4b25-a9af-86b15166918b"]
[43124][1665292356888][shell][info]["userPartitionService~_rectifyTheActivePartitionOfApplication: Setting the active partition to ","a0c65861-4ae4-4b25-a9af-86b15166918b"]
[43124][1665292356889][shell][info]["userPartitionService~init: Success"]
[43124][1665292356890][shell][info]["Shell~init~loginUser: Updating existing user details"]
[43124][1665292356890][shell][info]["userPartitionService~associateTransitPartition: ",{"partitionId":"a0c65861-4ae4-4b25-a9af-86b15166918b","context":{"namespace":"users","userId":"19867838","teamId":"0"}}]
[43124][1665292356891][shell][info]["userPartitionService: State of v8 partition system:"]
[43124][1665292356892][shell][info]["userPartitionService: List of partitions:",[{"partitionId":"a0c65861-4ae4-4b25-a9af-86b15166918b","namespace":"users","userId":"19867838","teamId":"0","lastUpdated":"2022-10-09T05:12:36.890Z"},{"partitionId":"5266759c-8e7b-45e0-a5dc-4d4ddc90f033","namespace":"scratchPad","userId":0,"teamId":0,"isDirty":false}]]
[43124][1665292356893][shell][info]["userPartitionService: users global meta:",{"activePartition":"a0c65861-4ae4-4b25-a9af-86b15166918b"}]
[43124][1665292356895][shell][info]["init~setViewAttributes - Initializing view with opts:"]
[43124][1665292356896][shell][info]["verifyPartitionIdWithMain: Verifying partition ID from main process"]
[43124][1665292356905][shell][info]["Shell~init~setViewAttributes: passing scratchpad partition id as ","5266759c-8e7b-45e0-a5dc-4d4ddc90f033"]
[43124][1665292356906][shell][info]["Shell~init~setViewAttributes: do we have any logged in users? ",true]
[43124][1665292356908][shell][info]["init~setViewAttributes - Success"]
[43124][1665292356977][shell][info]["verifyPartitionIdWithMain: ID was resolved correctly by main"]
[43124][1665292362956][shell][info]["Shell~init~sendUsersDataToRenderer",["19867838"]]
[43124][1665292364918][shell][info]["model-events~user - bootstrapUser received"]
[43124][1665292364920][shell][info]["userPartitionService~associateTransitPartition: ",{"partitionId":"a0c65861-4ae4-4b25-a9af-86b15166918b","context":{"namespace":"users","userId":"19867838","teamId":"0"}}]
[43124][1665292364921][shell][info]["userPartitionService: State of v8 partition system:"]
[43124][1665292364922][shell][info]["userPartitionService: List of partitions:",[{"partitionId":"a0c65861-4ae4-4b25-a9af-86b15166918b","namespace":"users","userId":"19867838","teamId":"0","lastUpdated":"2022-10-09T05:12:44.920Z"},{"partitionId":"5266759c-8e7b-45e0-a5dc-4d4ddc90f033","namespace":"scratchPad","userId":0,"teamId":0,"isDirty":false}]]
[43124][1665292364940][shell][info]["userPartitionService: users global meta:",{"activePartition":"a0c65861-4ae4-4b25-a9af-86b15166918b"}]
[43124][1665292365239][shell][info]["model-events~user - bootstrapUser received"]
[43124][1665292365240][shell][info]["userPartitionService~associateTransitPartition: ",{"partitionId":"a0c65861-4ae4-4b25-a9af-86b15166918b","context":{"namespace":"users","userId":"19867838","teamId":"0"}}]
[43124][1665292365241][shell][info]["userPartitionService: State of v8 partition system:"]
[43124][1665292365241][shell][info]["userPartitionService: List of partitions:",[{"partitionId":"a0c65861-4ae4-4b25-a9af-86b15166918b","namespace":"users","userId":"19867838","teamId":"0","lastUpdated":"2022-10-09T05:12:45.240Z"},{"partitionId":"5266759c-8e7b-45e0-a5dc-4d4ddc90f033","namespace":"scratchPad","userId":0,"teamId":0,"isDirty":false}]]
[43124][1665292365242][shell][info]["userPartitionService: users global meta:",{"activePartition":"a0c65861-4ae4-4b25-a9af-86b15166918b"}]
[44726][1665292846725][shell][info]["EventBus~initialize - Success"]
[44726][1665292846763][shell][info]["bootShellCrashReporter~ Success"]
[44726][1665292848270][shell][info]["shellController~init: Success"]
[44726][1665292848278][shell][info]["shellMeta~init: Success"]
[44726][1665292848280][shell][info]["partitionMigrationService: State of V7 partition:"]
[44726][1665292848281][shell][info]["partitionMigrationService: V7 partitions",[]]
[44726][1665292848289][shell][info]["partitionMigrationService: V7 lastActiveUser",null]
[44726][1665292848290][shell][info]["partitionMigrationService: V7 activePartition",null]
[44726][1665292848291][shell][info]["partitionMigrationService: V7 isPartitionDirty",null]
[44726][1665292848293][shell][info]["partitionMigrationService~init: Success"]
[44726][1665292848295][shell][info]["partitionMigrationService~runV8PartitionsIntegrity: Two way migration~ removing the following partitions from v8",[]]
[44726][1665292848297][shell][info]["userPartitionService~getRecentV8UserPartition: recent v8 user context partition ","a0c65861-4ae4-4b25-a9af-86b15166918b"]
[44726][1665292848297][shell][info]["userPartitionService~_rectifyTheActivePartitionOfApplication: Setting the active partition to ","a0c65861-4ae4-4b25-a9af-86b15166918b"]
[44726][1665292848300][shell][info]["userPartitionService~init: Success"]
[44726][1665292848301][shell][info]["userPartitionService: State of v8 partition system:"]
[44726][1665292848302][shell][info]["userPartitionService: List of partitions:",[{"partitionId":"a0c65861-4ae4-4b25-a9af-86b15166918b","namespace":"users","userId":"19867838","teamId":"0","lastUpdated":"2022-10-09T05:12:45.240Z"},{"partitionId":"5266759c-8e7b-45e0-a5dc-4d4ddc90f033","namespace":"scratchPad","userId":0,"teamId":0,"isDirty":false}]]
[44726][1665292848303][shell][info]["userPartitionService: users global meta:",{"activePartition":"a0c65861-4ae4-4b25-a9af-86b15166918b"}]
[44726][1665292848305][shell][info]["shell~init~getPartitionToLoad: loading active partition"]
[44726][1665292848320][shell][info]["init~setViewAttributes - Initializing view with opts:"]
[44726][1665292848334][shell][info]["verifyPartitionIdWithMain: Verifying partition ID from main process"]
[44726][1665292848356][shell][info]["Shell~init~setViewAttributes: passing scratchpad partition id as ","5266759c-8e7b-45e0-a5dc-4d4ddc90f033"]
[44726][1665292848359][shell][info]["Shell~init~setViewAttributes: do we have any logged in users? ",true]
[44726][1665292848362][shell][info]["init~setViewAttributes - Success"]
[44726][1665292848538][shell][info]["verifyPartitionIdWithMain: ID was resolved correctly by main"]
[44726][1665292857141][shell][info]["Shell~init~sendUsersDataToRenderer",["19867838"]]
[44726][1665292861398][shell][info]["model-events~user - bootstrapUser received"]
[44726][1665292861400][shell][info]["userPartitionService~associateTransitPartition: ",{"partitionId":"a0c65861-4ae4-4b25-a9af-86b15166918b","context":{"namespace":"users","userId":"19867838","teamId":"0"}}]
[44726][1665292861401][shell][info]["userPartitionService: State of v8 partition system:"]
[44726][1665292861402][shell][info]["userPartitionService: List of partitions:",[{"partitionId":"a0c65861-4ae4-4b25-a9af-86b15166918b","namespace":"users","userId":"19867838","teamId":"0","lastUpdated":"2022-10-09T05:21:01.400Z"},{"partitionId":"5266759c-8e7b-45e0-a5dc-4d4ddc90f033","namespace":"scratchPad","userId":0,"teamId":0,"isDirty":false}]]
[44726][1665292861403][shell][info]["userPartitionService: users global meta:",{"activePartition":"a0c65861-4ae4-4b25-a9af-86b15166918b"}]
[9276][1665390638326][shell][info]["EventBus~initialize - Success"]
[9276][1665390638343][shell][info]["bootShellCrashReporter~ Success"]
[9276][1665390639521][shell][info]["shellController~init: Success"]
[9276][1665390639523][shell][info]["shellMeta~init: Success"]
[9276][1665390639526][shell][info]["partitionMigrationService: State of V7 partition:"]
[9276][1665390639527][shell][info]["partitionMigrationService: V7 partitions",[]]
[9276][1665390639528][shell][info]["partitionMigrationService: V7 lastActiveUser",null]
[9276][1665390639528][shell][info]["partitionMigrationService: V7 activePartition",null]
[9276][1665390639530][shell][info]["partitionMigrationService: V7 isPartitionDirty",null]
[9276][1665390639532][shell][info]["partitionMigrationService~init: Success"]
[9276][1665390639533][shell][info]["partitionMigrationService~runV8PartitionsIntegrity: Two way migration~ removing the following partitions from v8",[]]
[9276][1665390639536][shell][info]["userPartitionService~getRecentV8UserPartition: recent v8 user context partition ","a0c65861-4ae4-4b25-a9af-86b15166918b"]
[9276][1665390639536][shell][info]["userPartitionService~_rectifyTheActivePartitionOfApplication: Setting the active partition to ","a0c65861-4ae4-4b25-a9af-86b15166918b"]
[9276][1665390639538][shell][info]["userPartitionService~init: Success"]
[9276][1665390639539][shell][info]["userPartitionService: State of v8 partition system:"]
[9276][1665390639540][shell][info]["userPartitionService: List of partitions:",[{"partitionId":"a0c65861-4ae4-4b25-a9af-86b15166918b","namespace":"users","userId":"19867838","teamId":"0","lastUpdated":"2022-10-09T05:21:01.400Z"},{"partitionId":"5266759c-8e7b-45e0-a5dc-4d4ddc90f033","namespace":"scratchPad","userId":0,"teamId":0,"isDirty":false}]]
[9276][1665390639541][shell][info]["userPartitionService: users global meta:",{"activePartition":"a0c65861-4ae4-4b25-a9af-86b15166918b"}]
[9276][1665390639543][shell][info]["shell~init~getPartitionToLoad: loading active partition"]
[9276][1665390639548][shell][info]["init~setViewAttributes - Initializing view with opts:"]
[9276][1665390639552][shell][info]["verifyPartitionIdWithMain: Verifying partition ID from main process"]
[9276][1665390639577][shell][info]["Shell~init~setViewAttributes: passing scratchpad partition id as ","5266759c-8e7b-45e0-a5dc-4d4ddc90f033"]
[9276][1665390639577][shell][info]["Shell~init~setViewAttributes: do we have any logged in users? ",true]
[9276][1665390639580][shell][info]["init~setViewAttributes - Success"]
[9276][1665390639721][shell][info]["verifyPartitionIdWithMain: ID was resolved correctly by main"]
[9276][1665390643863][shell][info]["Shell~init~sendUsersDataToRenderer",["19867838"]]
[9276][1665390646367][shell][info]["model-events~user - bootstrapUser received"]
[9276][1665390646372][shell][info]["userPartitionService~associateTransitPartition: ",{"partitionId":"a0c65861-4ae4-4b25-a9af-86b15166918b","context":{"namespace":"users","userId":"19867838","teamId":"0"}}]
[9276][1665390646374][shell][info]["userPartitionService: State of v8 partition system:"]
[9276][1665390646375][shell][info]["userPartitionService: List of partitions:",[{"partitionId":"a0c65861-4ae4-4b25-a9af-86b15166918b","namespace":"users","userId":"19867838","teamId":"0","lastUpdated":"2022-10-10T08:30:46.372Z"},{"partitionId":"5266759c-8e7b-45e0-a5dc-4d4ddc90f033","namespace":"scratchPad","userId":0,"teamId":0,"isDirty":false}]]
[9276][1665390646376][shell][info]["userPartitionService: users global meta:",{"activePartition":"a0c65861-4ae4-4b25-a9af-86b15166918b"}]
[56018][1665484273632][shell][info]["EventBus~initialize - Success"]
[56018][1665484273650][shell][info]["bootShellCrashReporter~ Success"]
[56018][1665484274792][shell][info]["shellController~init: Success"]
[56018][1665484274794][shell][info]["shellMeta~init: Success"]
[56018][1665484274795][shell][info]["partitionMigrationService: State of V7 partition:"]
[56018][1665484274797][shell][info]["partitionMigrationService: V7 partitions",[]]
[56018][1665484274798][shell][info]["partitionMigrationService: V7 lastActiveUser",null]
[56018][1665484274799][shell][info]["partitionMigrationService: V7 activePartition",null]
[56018][1665484274800][shell][info]["partitionMigrationService: V7 isPartitionDirty",null]
[56018][1665484274802][shell][info]["partitionMigrationService~init: Success"]
[56018][1665484274803][shell][info]["partitionMigrationService~runV8PartitionsIntegrity: Two way migration~ removing the following partitions from v8",[]]
[56018][1665484274805][shell][info]["userPartitionService~getRecentV8UserPartition: recent v8 user context partition ","a0c65861-4ae4-4b25-a9af-86b15166918b"]
[56018][1665484274805][shell][info]["userPartitionService~_rectifyTheActivePartitionOfApplication: Setting the active partition to ","a0c65861-4ae4-4b25-a9af-86b15166918b"]
[56018][1665484274807][shell][info]["userPartitionService~init: Success"]
[56018][1665484274808][shell][info]["userPartitionService: State of v8 partition system:"]
[56018][1665484274809][shell][info]["userPartitionService: List of partitions:",[{"partitionId":"a0c65861-4ae4-4b25-a9af-86b15166918b","namespace":"users","userId":"19867838","teamId":"0","lastUpdated":"2022-10-10T08:30:46.372Z"},{"partitionId":"5266759c-8e7b-45e0-a5dc-4d4ddc90f033","namespace":"scratchPad","userId":0,"teamId":0,"isDirty":false}]]
[56018][1665484274809][shell][info]["userPartitionService: users global meta:",{"activePartition":"a0c65861-4ae4-4b25-a9af-86b15166918b"}]
[56018][1665484274811][shell][info]["shell~init~getPartitionToLoad: loading active partition"]
[56018][1665484274815][shell][info]["init~setViewAttributes - Initializing view with opts:"]
[56018][1665484274818][shell][info]["verifyPartitionIdWithMain: Verifying partition ID from main process"]
[56018][1665484274860][shell][info]["Shell~init~setViewAttributes: passing scratchpad partition id as ","5266759c-8e7b-45e0-a5dc-4d4ddc90f033"]
[56018][1665484274861][shell][info]["Shell~init~setViewAttributes: do we have any logged in users? ",true]
[56018][1665484274863][shell][info]["init~setViewAttributes - Success"]
[56018][1665484274948][shell][info]["verifyPartitionIdWithMain: ID was resolved correctly by main"]
[56018][1665484278733][shell][info]["Shell~init~sendUsersDataToRenderer",["19867838"]]
[56018][1665484281165][shell][info]["model-events~user - bootstrapUser received"]
[56018][1665484281167][shell][info]["userPartitionService~associateTransitPartition: ",{"partitionId":"a0c65861-4ae4-4b25-a9af-86b15166918b","context":{"namespace":"users","userId":"19867838","teamId":"0"}}]
[56018][1665484281168][shell][info]["userPartitionService: State of v8 partition system:"]
[56018][1665484281169][shell][info]["userPartitionService: List of partitions:",[{"partitionId":"a0c65861-4ae4-4b25-a9af-86b15166918b","namespace":"users","userId":"19867838","teamId":"0","lastUpdated":"2022-10-11T10:31:21.167Z"},{"partitionId":"5266759c-8e7b-45e0-a5dc-4d4ddc90f033","namespace":"scratchPad","userId":0,"teamId":0,"isDirty":false}]]
[56018][1665484281170][shell][info]["userPartitionService: users global meta:",{"activePartition":"a0c65861-4ae4-4b25-a9af-86b15166918b"}]
[68541][1665490205863][shell][info]["EventBus~initialize - Success"]
[68541][1665490205906][shell][info]["bootShellCrashReporter~ Success"]
[68541][1665490207527][shell][info]["shellController~init: Success"]
[68541][1665490207529][shell][info]["shellMeta~init: Success"]
[68541][1665490207530][shell][info]["partitionMigrationService: State of V7 partition:"]
[68541][1665490207531][shell][info]["partitionMigrationService: V7 partitions",[]]
[68541][1665490207532][shell][info]["partitionMigrationService: V7 lastActiveUser",null]
[68541][1665490207533][shell][info]["partitionMigrationService: V7 activePartition",null]
[68541][1665490207534][shell][info]["partitionMigrationService: V7 isPartitionDirty",null]
[68541][1665490207542][shell][info]["partitionMigrationService~init: Success"]
[68541][1665490207544][shell][info]["partitionMigrationService~runV8PartitionsIntegrity: Two way migration~ removing the following partitions from v8",[]]
[68541][1665490207556][shell][info]["userPartitionService~getRecentV8UserPartition: recent v8 user context partition ","a0c65861-4ae4-4b25-a9af-86b15166918b"]
[68541][1665490207556][shell][info]["userPartitionService~_rectifyTheActivePartitionOfApplication: Setting the active partition to ","a0c65861-4ae4-4b25-a9af-86b15166918b"]
[68541][1665490207558][shell][info]["userPartitionService~init: Success"]
[68541][1665490207559][shell][info]["userPartitionService: State of v8 partition system:"]
[68541][1665490207560][shell][info]["userPartitionService: List of partitions:",[{"partitionId":"a0c65861-4ae4-4b25-a9af-86b15166918b","namespace":"users","userId":"19867838","teamId":"0","lastUpdated":"2022-10-11T10:31:21.167Z"},{"partitionId":"5266759c-8e7b-45e0-a5dc-4d4ddc90f033","namespace":"scratchPad","userId":0,"teamId":0,"isDirty":false}]]
[68541][1665490207561][shell][info]["userPartitionService: users global meta:",{"activePartition":"a0c65861-4ae4-4b25-a9af-86b15166918b"}]
[68541][1665490207567][shell][info]["shell~init~getPartitionToLoad: loading active partition"]
[68541][1665490207575][shell][info]["init~setViewAttributes - Initializing view with opts:"]
[68541][1665490207577][shell][info]["verifyPartitionIdWithMain: Verifying partition ID from main process"]
[68541][1665490207641][shell][info]["Shell~init~setViewAttributes: passing scratchpad partition id as ","5266759c-8e7b-45e0-a5dc-4d4ddc90f033"]
[68541][1665490207641][shell][info]["Shell~init~setViewAttributes: do we have any logged in users? ",true]
[68541][1665490207644][shell][info]["init~setViewAttributes - Success"]
[68541][1665490207842][shell][info]["verifyPartitionIdWithMain: ID was resolved correctly by main"]
[68541][1665490212835][shell][info]["Shell~init~sendUsersDataToRenderer",["19867838"]]
[68541][1665490215476][shell][info]["model-events~user - bootstrapUser received"]
[68541][1665490215479][shell][info]["userPartitionService~associateTransitPartition: ",{"partitionId":"a0c65861-4ae4-4b25-a9af-86b15166918b","context":{"namespace":"users","userId":"19867838","teamId":"0"}}]
[68541][1665490215480][shell][info]["userPartitionService: State of v8 partition system:"]
[68541][1665490215480][shell][info]["userPartitionService: List of partitions:",[{"partitionId":"a0c65861-4ae4-4b25-a9af-86b15166918b","namespace":"users","userId":"19867838","teamId":"0","lastUpdated":"2022-10-11T12:10:15.479Z"},{"partitionId":"5266759c-8e7b-45e0-a5dc-4d4ddc90f033","namespace":"scratchPad","userId":0,"teamId":0,"isDirty":false}]]
[68541][1665490215481][shell][info]["userPartitionService: users global meta:",{"activePartition":"a0c65861-4ae4-4b25-a9af-86b15166918b"}]
